12/17 checks passed. 5 checks failed. Possible issues detected:
Use the --verbose flag to see more details about passed checks.

✖ Check for legacy global CLI installed locally
EAS CLI should not be installed in your project. Instead, install it globally or use "npx", "pnpx", or "bunx" depending on your preferred package manager.
Advice:
Remove eas-cli from your project dependencies.

✖ Check that required peer dependencies are installed
Missing peer dependency: expo-font
Required by: @expo/vector-icons
Missing peer dependency: react-native-worklets
Required by: react-native-reanimated
Advice:
Install missing required peer dependencies with "npx expo install expo-font react-native-worklets"
Your app may crash outside of Expo Go without these dependencies. Native module peer dependencies must be installed directly.

✖ Check that no duplicate dependencies are installed
Your project contains duplicate native module dependencies, which should be de-duplicated.
Native builds may only contain one version of any given native module, and having multiple versions of a single Native module installed may lead to unexpected build errors.
Found duplicates for @expo/vector-icons:
  ├─ @expo/vector-icons@15.0.2 (at: node_modules/@expo/vector-icons)
  └─ @expo/vector-icons@15.1.1 (at: node_modules/expo/node_modules/@expo/vector-icons)
Found duplicates for expo-font:
  ├─ expo-font@14.0.8 (at: node_modules/expo-font)
  └─ expo-font@14.0.11 (at: node_modules/expo/node_modules/expo-font)
Advice:
Resolve your dependency issues and deduplicate your dependencies. Learn more: https://expo.fyi/resolving-dependency-issues

✖ Check for app config fields that may not be synced in a non-CNG project
This project contains native project folders but also has native configuration properties in app.json, indicating it is configured to use Prebuild. When the android/ios folders are present, EAS Build will not sync the following properties: orientation, icon, userInterfaceStyle, splash, ios, android, plugins.


✖ Check that packages match versions required by installed Expo SDK

❗ Major version mismatches
package                    expected  found
expo-location              ~19.0.8   55.1.2

🔧 Patch version mismatches
package                    expected  found
@expo/vector-icons         ^15.0.3   15.0.2
expo-image-picker          ~17.0.10  17.0.8
expo-local-authentication  ~17.0.8   17.0.7
expo-secure-store          ~15.0.8   15.0.7
expo-status-bar            ~3.0.9    3.0.8
react-native               0.81.5    0.81.4

Changelogs:
- expo-image-picker → https://github.com/expo/expo/blob/sdk-54/packages/expo-image-picker/CHANGELOG.md
- expo-local-authentication → https://github.com/expo/expo/blob/sdk-54/packages/expo-local-authentication/CHANGELOG.md
- expo-location → https://github.com/expo/expo/blob/sdk-54/packages/expo-location/CHANGELOG.md
- expo-secure-store → https://github.com/expo/expo/blob/sdk-54/packages/expo-secure-store/CHANGELOG.md
- expo-status-bar → https://github.com/expo/expo/blob/sdk-54/packages/expo-status-bar/CHANGELOG.md

7 packages out of date.
Advice:
Use 'npx expo install --check' to review and upgrade your dependencies.
To ignore specific packages, add them to "expo.install.exclude" in package.json. Learn more: https://expo.fyi/dependency-validation

5 checks failed, indicating possible issues with the project.
